<?xml version="1.0" encoding="UTF-8"?>
<!-- Generated by org.testng.reporters.JUnitReportReporter -->
<testsuite hostname="DESKTOP-NVEN0KO" failures="0" tests="2" name="testCase.LoginPageTest" time="28.913" errors="0" timestamp="2025-05-05T08:14:55 IST" skipped="1">
  <testcase classname="testCase.LoginPageTest" name="verifyDashboardTextwhileLoginwithValidCredentials" time="28.913"/>
  <testcase classname="testCase.LoginPageTest" name="verifyErrorMessageWhileLoginWithInvalidCredentials">
    <skipped/>
  </testcase> <!-- verifyErrorMessageWhileLoginWithInvalidCredentials -->
</testsuite> <!-- testCase.LoginPageTest -->
