<?xml version="1.0" encoding="UTF-8"?>
<!-- Generated by org.testng.reporters.JUnitReportReporter -->
<testsuite hostname="DESKTOP-NVEN0KO" failures="0" tests="4" name="testCase.ManageNewsTest" time="143.834" errors="0" timestamp="2025-05-05T08:14:55 IST" skipped="0">
  <testcase classname="testCase.ManageNewsTest" name="searchMessage" time="20.522"/>
  <testcase classname="testCase.ManageNewsTest" name="createMessage" time="21.646"/>
  <testcase classname="testCase.ManageNewsTest" name="updateMessage" time="19.521"/>
  <testcase classname="testCase.ManageNewsTest" name="deleteMessage" time="82.145"/>
</testsuite> <!-- testCase.ManageNewsTest -->
