<?xml version="1.0" encoding="UTF-8"?>
<!-- Generated by org.testng.reporters.JUnitReportReporter -->
<testsuite hostname="DESKTOP-NVEN0KO" failures="0" tests="1" name="testCase.ManageFooterTest" time="25.409" errors="0" timestamp="2025-04-29T10:01:19 IST" skipped="0">
  <testcase classname="testCase.ManageFooterTest" name="footerTestManage" time="25.409"/>
</testsuite> <!-- testCase.ManageFooterTest -->
