<?xml version="1.0" encoding="UTF-8"?>
<!-- Generated by org.testng.reporters.JUnitReportReporter -->
<testsuite hostname="DESKTOP-NVEN0KO" failures="0" tests="1" name="testCase.ManageContactTest" time="16.597" errors="0" timestamp="2025-04-29T10:43:06 IST" skipped="0">
  <testcase classname="testCase.ManageContactTest" name="contactPageManage" time="16.597"/>
</testsuite> <!-- testCase.ManageContactTest -->
