<?xml version="1.0" encoding="UTF-8"?>
<!-- Generated by org.testng.reporters.JUnitReportReporter -->
<testsuite hostname="DESKTOP-NVEN0KO" failures="0" tests="1" name="testCase.LoginPageTest" time="16.341" errors="0" timestamp="2025-04-25T19:56:23 IST" skipped="0">
  <testcase classname="testCase.LoginPageTest" name="verifyDashboardTextwhileLoginwithValidCredentials" time="16.341"/>
</testsuite> <!-- testCase.LoginPageTest -->
