<?xml version="1.0" encoding="UTF-8"?>
<!-- Generated by org.testng.reporters.JUnitReportReporter -->
<testsuite hostname="DESKTOP-NVEN0KO" failures="0" tests="6" name="testCase.AdminUserTest" time="12.621" errors="0" timestamp="2025-05-03T20:38:51 IST" skipped="5">
  <testcase classname="testCase.AdminUserTest" name="manageDeleteUser" time="12.621"/>
  <testcase classname="testCase.AdminUserTest" name="manageAddUser">
    <skipped/>
  </testcase> <!-- manageAddUser -->
  <testcase classname="testCase.AdminUserTest" name="searchAdminUser">
    <skipped/>
  </testcase> <!-- searchAdminUser -->
  <testcase classname="testCase.AdminUserTest" name="manageUpdateUser">
    <skipped/>
  </testcase> <!-- manageUpdateUser -->
  <testcase classname="testCase.AdminUserTest" name="manageStatusChange">
    <skipped/>
  </testcase> <!-- manageStatusChange -->
  <testcase classname="testCase.AdminUserTest" name="resetToAdminUser">
    <skipped/>
  </testcase> <!-- resetToAdminUser -->
</testsuite> <!-- testCase.AdminUserTest -->
