<?xml version="1.0" encoding="UTF-8"?>
<!-- Generated by org.testng.reporters.JUnitReportReporter -->
<testsuite hostname="DESKTOP-I7BMDVM" failures="0" tests="1" name="testCase.Sample" time="9.540" errors="0" timestamp="2025-08-07T17:47:01 IST" skipped="0">
  <testcase classname="testCase.Sample" name="f" time="9.540"/>
</testsuite> <!-- testCase.Sample -->
